<?xml version="1.0" encoding="UTF-8"?>
<!-- Generated by org.testng.reporters.JUnitXMLReporter -->
<testsuite ignored="0" hostname="LAPTOP-COQFRCSP" failures="0" tests="4" name="User" time="19.49" errors="0" timestamp="2023-07-10T19:58:34 IST">
  <testcase classname="api.test.UserTest2" name="createUesrs" time="8.037"/>
  <testcase classname="api.test.UserTest2" name="getUsers" time="2.628"/>
  <testcase classname="api.test.UserTest2" name="UpdateUesrs" time="4.126"/>
  <testcase classname="api.test.UserTest2" name="deleteUsers" time="2.046"/>
</testsuite> <!-- User -->
