<?xml version="1.0" encoding="UTF-8"?>
<!-- Generated by org.testng.reporters.JUnitXMLReporter -->
<testsuite ignored="0" hostname="LAPTOP-COQFRCSP" failures="0" tests="4" name="User" time="21.963" errors="0" timestamp="2023-07-10T16:14:03 IST">
  <testcase classname="api.test.UserTest2" name="createUesrs" time="10.081"/>
  <testcase classname="api.test.UserTest2" name="getUsers" time="2.004"/>
  <testcase classname="api.test.UserTest2" name="UpdateUesrs" time="3.843"/>
  <testcase classname="api.test.UserTest2" name="deleteUsers" time="1.911"/>
</testsuite> <!-- User -->
