<?xml version="1.0" encoding="UTF-8"?>
<!-- Generated by org.testng.reporters.JUnitXMLReporter -->
<testsuite ignored="0" hostname="LAPTOP-COQFRCSP" failures="0" tests="6" name="Default test" time="17.123" errors="0" timestamp="2023-07-09T17:08:50 IST">
  <testcase classname="api.test.UsersTest" name="CreateMethod" time="5.26"/>
  <testcase classname="api.test.UsersTest" name="CreateMethod" time="1.863"/>
  <testcase classname="api.test.UsersTest" name="CreateMethod" time="1.818"/>
  <testcase classname="api.test.UsersTest" name="deleteMethod" time="1.788"/>
  <testcase classname="api.test.UsersTest" name="deleteMethod" time="1.755"/>
  <testcase classname="api.test.UsersTest" name="deleteMethod" time="1.815"/>
</testsuite> <!-- Default test -->
