<?xml version="1.0" encoding="UTF-8"?>
<!-- Generated by org.testng.reporters.JUnitXMLReporter -->
<testsuite ignored="0" hostname="LAPTOP-COQFRCSP" failures="0" tests="4" name="User" time="16.547" errors="0" timestamp="2023-07-10T15:34:53 IST">
  <testcase classname="api.test.UserTest2" name="createUesrs" time="5.669"/>
  <testcase classname="api.test.UserTest2" name="getUsers" time="2.531"/>
  <testcase classname="api.test.UserTest2" name="UpdateUesrs" time="4.773"/>
  <testcase classname="api.test.UserTest2" name="deleteUsers" time="1.638"/>
</testsuite> <!-- User -->
