<?xml version="1.0" encoding="UTF-8"?>
<testng-results ignored="0" total="4" passed="4" failed="0" skipped="0">
  <reporter-output>
  </reporter-output>
  <suite started-at="2023-07-10T16:13:40 IST" name="RestApi" finished-at="2023-07-10T16:14:02 IST" duration-ms="21963">
    <groups>
    </groups>
    <test started-at="2023-07-10T16:13:40 IST" name="User" finished-at="2023-07-10T16:14:02 IST" duration-ms="21963">
      <class name="api.test.UserTest2">
        <test-method is-config="true" signature="setupDate()[pri:0, instance:api.test.UserTest2@769f71a9]" started-at="2023-07-10T16:13:41 IST" name="setupDate" finished-at="2023-07-10T16:13:44 IST" duration-ms="3126" status="PASS">
          <reporter-output>
          </reporter-output>
        </test-method> <!-- setupDate -->
        <test-method signature="createUesrs()[pri:1, instance:api.test.UserTest2@769f71a9]" started-at="2023-07-10T16:13:44 IST" name="createUesrs" finished-at="2023-07-10T16:13:54 IST" duration-ms="10081" status="PASS">
          <reporter-output>
          </reporter-output>
        </test-method> <!-- createUesrs -->
        <test-method signature="getUsers()[pri:2, instance:api.test.UserTest2@769f71a9]" started-at="2023-07-10T16:13:54 IST" name="getUsers" finished-at="2023-07-10T16:13:56 IST" duration-ms="2004" status="PASS">
          <reporter-output>
          </reporter-output>
        </test-method> <!-- getUsers -->
        <test-method signature="UpdateUesrs()[pri:3, instance:api.test.UserTest2@769f71a9]" started-at="2023-07-10T16:13:56 IST" name="UpdateUesrs" finished-at="2023-07-10T16:14:00 IST" duration-ms="3843" status="PASS">
          <reporter-output>
          </reporter-output>
        </test-method> <!-- UpdateUesrs -->
        <test-method signature="deleteUsers()[pri:4, instance:api.test.UserTest2@769f71a9]" started-at="2023-07-10T16:14:00 IST" name="deleteUsers" finished-at="2023-07-10T16:14:02 IST" duration-ms="1911" status="PASS">
          <reporter-output>
          </reporter-output>
        </test-method> <!-- deleteUsers -->
      </class> <!-- api.test.UserTest2 -->
    </test> <!-- User -->
  </suite> <!-- RestApi -->
</testng-results>
