<?xml version="1.0" encoding="UTF-8"?>
<testng-results ignored="0" total="4" passed="4" failed="0" skipped="0">
  <reporter-output>
  </reporter-output>
  <suite started-at="2023-07-10T19:58:12 IST" name="RestApi" finished-at="2023-07-10T19:58:32 IST" duration-ms="19490">
    <groups>
    </groups>
    <test started-at="2023-07-10T19:58:12 IST" name="User" finished-at="2023-07-10T19:58:32 IST" duration-ms="19490">
      <class name="api.test.UserTest2">
        <test-method is-config="true" signature="setupDate()[pri:0, instance:api.test.UserTest2@6f96c77]" started-at="2023-07-10T19:58:13 IST" name="setupDate" finished-at="2023-07-10T19:58:15 IST" duration-ms="2066" status="PASS">
          <reporter-output>
          </reporter-output>
        </test-method> <!-- setupDate -->
        <test-method signature="createUesrs()[pri:1, instance:api.test.UserTest2@6f96c77]" started-at="2023-07-10T19:58:15 IST" name="createUesrs" finished-at="2023-07-10T19:58:23 IST" duration-ms="8037" status="PASS">
          <reporter-output>
          </reporter-output>
        </test-method> <!-- createUesrs -->
        <test-method signature="getUsers()[pri:2, instance:api.test.UserTest2@6f96c77]" started-at="2023-07-10T19:58:23 IST" name="getUsers" finished-at="2023-07-10T19:58:25 IST" duration-ms="2628" status="PASS">
          <reporter-output>
          </reporter-output>
        </test-method> <!-- getUsers -->
        <test-method signature="UpdateUesrs()[pri:3, instance:api.test.UserTest2@6f96c77]" started-at="2023-07-10T19:58:25 IST" name="UpdateUesrs" finished-at="2023-07-10T19:58:30 IST" duration-ms="4126" status="PASS">
          <reporter-output>
          </reporter-output>
        </test-method> <!-- UpdateUesrs -->
        <test-method signature="deleteUsers()[pri:4, instance:api.test.UserTest2@6f96c77]" started-at="2023-07-10T19:58:30 IST" name="deleteUsers" finished-at="2023-07-10T19:58:32 IST" duration-ms="2046" status="PASS">
          <reporter-output>
          </reporter-output>
        </test-method> <!-- deleteUsers -->
      </class> <!-- api.test.UserTest2 -->
    </test> <!-- User -->
  </suite> <!-- RestApi -->
</testng-results>
