<?xml version="1.0" encoding="UTF-8"?>
<testng-results ignored="0" total="4" passed="4" failed="0" skipped="0">
  <reporter-output>
  </reporter-output>
  <suite started-at="2023-07-10T15:34:36 IST" name="RestApi" finished-at="2023-07-10T15:34:53 IST" duration-ms="16547">
    <groups>
    </groups>
    <test started-at="2023-07-10T15:34:36 IST" name="User" finished-at="2023-07-10T15:34:53 IST" duration-ms="16547">
      <class name="api.test.UserTest2">
        <test-method is-config="true" signature="setupDate()[pri:0, instance:api.test.UserTest2@3835c46]" started-at="2023-07-10T15:34:37 IST" name="setupDate" finished-at="2023-07-10T15:34:38 IST" duration-ms="1325" status="PASS">
          <reporter-output>
          </reporter-output>
        </test-method> <!-- setupDate -->
        <test-method signature="createUesrs()[pri:1, instance:api.test.UserTest2@3835c46]" started-at="2023-07-10T15:34:38 IST" name="createUesrs" finished-at="2023-07-10T15:34:44 IST" duration-ms="5669" status="PASS">
          <reporter-output>
          </reporter-output>
        </test-method> <!-- createUesrs -->
        <test-method signature="getUsers()[pri:2, instance:api.test.UserTest2@3835c46]" started-at="2023-07-10T15:34:44 IST" name="getUsers" finished-at="2023-07-10T15:34:46 IST" duration-ms="2531" status="PASS">
          <reporter-output>
          </reporter-output>
        </test-method> <!-- getUsers -->
        <test-method signature="UpdateUesrs()[pri:3, instance:api.test.UserTest2@3835c46]" started-at="2023-07-10T15:34:46 IST" name="UpdateUesrs" finished-at="2023-07-10T15:34:51 IST" duration-ms="4773" status="PASS">
          <reporter-output>
          </reporter-output>
        </test-method> <!-- UpdateUesrs -->
        <test-method signature="deleteUsers()[pri:4, instance:api.test.UserTest2@3835c46]" started-at="2023-07-10T15:34:51 IST" name="deleteUsers" finished-at="2023-07-10T15:34:53 IST" duration-ms="1638" status="PASS">
          <reporter-output>
          </reporter-output>
        </test-method> <!-- deleteUsers -->
      </class> <!-- api.test.UserTest2 -->
    </test> <!-- User -->
  </suite> <!-- RestApi -->
</testng-results>
